2019-12-13 01:18:07,164 INFO org.springframework.boot.StartupInfoLogger [main] Starting App v1.0.0 on Josue with PID 7600 (C:\Users\Josue\Workspace\pokebot\target\pokebot-1.0.0-spring-boot.jar started by Josue in C:\Users\Josue\Workspace\pokebot)
2019-12-13 01:18:07,182 INFO org.springframework.boot.SpringApplication [main] No active profile set, falling back to default profiles: default
2019-12-13 01:18:08,787 INFO org.springframework.boot.web.embedded.tomcat.TomcatWebServer [main] Tomcat initialized with port(s): 8080 (http)
2019-12-13 01:18:08,809 INFO org.apache.juli.logging.DirectJDKLog [main] Initializing ProtocolHandler ["http-nio-8080"]
2019-12-13 01:18:08,811 INFO org.apache.juli.logging.DirectJDKLog [main] Starting service [Tomcat]
2019-12-13 01:18:08,812 INFO org.apache.juli.logging.DirectJDKLog [main] Starting Servlet engine: [Apache Tomcat/9.0.27]
2019-12-13 01:18:08,920 INFO org.apache.juli.logging.DirectJDKLog [main] Initializing Spring embedded WebApplicationContext
2019-12-13 01:18:08,921 INFO org.springframework.boot.web.servlet.context.ServletWebServerApplicationContext [main] Root WebApplicationContext: initialization completed in 1638 ms
2019-12-13 01:18:09,085 INFO org.springframework.scheduling.concurrent.ExecutorConfigurationSupport [main] Initializing ExecutorService 'applicationTaskExecutor'
2019-12-13 01:18:09,248 INFO org.apache.juli.logging.DirectJDKLog [main] Starting ProtocolHandler ["http-nio-8080"]
2019-12-13 01:18:09,405 INFO org.springframework.boot.web.embedded.tomcat.TomcatWebServer [main] Tomcat started on port(s): 8080 (http) with context path ''
2019-12-13 01:18:09,411 INFO org.springframework.boot.StartupInfoLogger [main] Started App in 2.996 seconds (JVM running for 3.593)
2019-12-13 01:18:09,445 INFO com.josuelopes.bot.pokebot.services.BotService [main] ------Initializing PokeBot 1.0.0------
2019-12-13 01:18:09,449 INFO com.josuelopes.bot.pokebot.services.BotService [main] Logging into Discord with credentials from file
2019-12-13 01:18:12,057 INFO com.josuelopes.bot.pokebot.services.BotService [main] Adding listener for !pokemon command
2019-12-13 01:18:21,662 INFO com.josuelopes.bot.pokebot.services.PokeApi [Javacord - Central ExecutorService - 1] Attempting to grab pokemon data at https://pokeapi.co/api/v2/pokemon/alakazam
2019-12-13 01:18:23,027 INFO com.josuelopes.bot.pokebot.services.PokeApi [Javacord - Central ExecutorService - 1] Calculating nature recommendation for current Pokemon
2019-12-13 01:18:23,140 INFO com.josuelopes.bot.pokebot.services.BotService [Javacord - Central ExecutorService - 1] Outputting info for alakazam to Discord
2019-12-13 01:21:01,456 INFO org.springframework.scheduling.concurrent.ExecutorConfigurationSupport [SpringContextShutdownHook] Shutting down ExecutorService 'applicationTaskExecutor'
2019-12-13 01:21:01,585 INFO org.javacord.core.util.logging.PrivacyProtectionLogger [ReadingThread] Websocket closed with reason 'unknown' and code NORMAL (1000) by client!
